This file contains any messages produced by compilers while
running configure, to aid debugging if configure makes a mistake.

It was created by libuv configure 1.6.1, which was
generated by GNU Autoconf 2.69.  Invocation command line was

  $ ./configure 

## --------- ##
## Platform. ##
## --------- ##

hostname = gnat
uname -m = x86_64
uname -r = 3.13.0-55-generic
uname -s = Linux
uname -v = #94-Ubuntu SMP Thu Jun 18 00:27:10 UTC 2015

/usr/bin/uname -p = unknown
/bin/uname -X     = unknown

/bin/arch              = unknown
/usr/bin/arch -k       = unknown
/usr/convex/getsysinfo = unknown
/usr/bin/hostinfo      = unknown
/bin/machine           = unknown
/usr/bin/oslevel       = unknown
/bin/universe          = unknown

PATH: /usr/local/sbin
PATH: /usr/local/bin
PATH: /usr/sbin
PATH: /usr/bin
PATH: /sbin
PATH: /bin
PATH: /usr/games
PATH: /usr/local/games


## ----------- ##
## Core tests. ##
## ----------- ##

configure:2335: checking for a BSD-compatible install
configure:2403: result: /usr/bin/install -c
configure:2414: checking whether build environment is sane
configure:2469: result: yes
configure:2620: checking for a thread-safe mkdir -p
configure:2659: result: /bin/mkdir -p
configure:2666: checking for gawk
configure:2696: result: no
configure:2666: checking for mawk
configure:2682: found /usr/bin/mawk
configure:2693: result: mawk
configure:2704: checking whether make sets $(MAKE)
configure:2726: result: yes
configure:2755: checking whether make supports nested variables
configure:2772: result: yes
configure:2901: checking build system type
configure:2915: result: x86_64-unknown-linux-gnu
configure:2935: checking host system type
configure:2948: result: x86_64-unknown-linux-gnu
configure:3078: checking for gcc
configure:3094: found /usr/bin/gcc
configure:3105: result: gcc
configure:3334: checking for C compiler version
configure:3343: gcc --version >&5
gcc (Ubuntu 4.8.4-2ubuntu1~14.04) 4.8.4
Copyright (C) 2013 Free Software Foundation, Inc.
This is free software; see the source for copying conditions.  There is NO
warranty; not even for MERCHANTABILITY or FITNESS FOR A PARTICULAR PURPOSE.

configure:3354: $? = 0
configure:3343: gcc -v >&5
Using built-in specs.
COLLECT_GCC=gcc
COLLECT_LTO_WRAPPER=/usr/lib/gcc/x86_64-linux-gnu/4.8/lto-wrapper
Target: x86_64-linux-gnu
Configured with: ../src/configure -v --with-pkgversion='Ubuntu 4.8.4-2ubuntu1~14.04' --with-bugurl=file:///usr/share/doc/gcc-4.8/README.Bugs --enable-languages=c,c++,java,go,d,fortran,objc,obj-c++ --prefix=/usr --program-suffix=-4.8 --enable-shared --enable-linker-build-id --libexecdir=/usr/lib --without-included-gettext --enable-threads=posix --with-gxx-include-dir=/usr/include/c++/4.8 --libdir=/usr/lib --enable-nls --with-sysroot=/ --enable-clocale=gnu --enable-libstdcxx-debug --enable-libstdcxx-time=yes --enable-gnu-unique-object --disable-libmudflap --enable-plugin --with-system-zlib --disable-browser-plugin --enable-java-awt=gtk --enable-gtk-cairo --with-java-home=/usr/lib/jvm/java-1.5.0-gcj-4.8-amd64/jre --enable-java-home --with-jvm-root-dir=/usr/lib/jvm/java-1.5.0-gcj-4.8-amd64 --with-jvm-jar-dir=/usr/lib/jvm-exports/java-1.5.0-gcj-4.8-amd64 --with-arch-directory=amd64 --with-ecj-jar=/usr/share/java/eclipse-ecj.jar --enable-objc-gc --enable-multiarch --disable-werror --with-arch-32=i686 --with-abi=m64 --with-multilib-list=m32,m64,mx32 --with-tune=generic --enable-checking=release --build=x86_64-linux-gnu --host=x86_64-linux-gnu --target=x86_64-linux-gnu
Thread model: posix
gcc version 4.8.4 (Ubuntu 4.8.4-2ubuntu1~14.04) 
configure:3354: $? = 0
configure:3343: gcc -V >&5
gcc: error: unrecognized command line option '-V'
gcc: fatal error: no input files
compilation terminated.
configure:3354: $? = 4
configure:3343: gcc -qversion >&5
gcc: error: unrecognized command line option '-qversion'
gcc: fatal error: no input files
compilation terminated.
configure:3354: $? = 4
configure:3374: checking whether the C compiler works
configure:3396: gcc    conftest.c  >&5
configure:3400: $? = 0
configure:3448: result: yes
configure:3451: checking for C compiler default output file name
configure:3453: result: a.out
configure:3459: checking for suffix of executables
configure:3466: gcc -o conftest    conftest.c  >&5
configure:3470: $? = 0
configure:3492: result: 
configure:3514: checking whether we are cross compiling
configure:3522: gcc -o conftest    conftest.c  >&5
configure:3526: $? = 0
configure:3533: ./conftest
configure:3537: $? = 0
configure:3552: result: no
configure:3557: checking for suffix of object files
configure:3579: gcc -c   conftest.c >&5
configure:3583: $? = 0
configure:3604: result: o
configure:3608: checking whether we are using the GNU C compiler
configure:3627: gcc -c   conftest.c >&5
configure:3627: $? = 0
configure:3636: result: yes
configure:3645: checking whether gcc accepts -g
configure:3665: gcc -c -g  conftest.c >&5
configure:3665: $? = 0
configure:3706: result: yes
configure:3723: checking for gcc option to accept ISO C89
configure:3786: gcc  -c -g -O2  conftest.c >&5
configure:3786: $? = 0
configure:3799: result: none needed
configure:3824: checking whether gcc understands -c and -o together
configure:3846: gcc -c conftest.c -o conftest2.o
configure:3849: $? = 0
configure:3846: gcc -c conftest.c -o conftest2.o
configure:3849: $? = 0
configure:3861: result: yes
configure:3889: checking for style of include used by make
configure:3917: result: GNU
configure:3943: checking dependency style of gcc
configure:4054: result: gcc3
configure:4073: checking if gcc supports -fvisibility=hidden flag
configure:4089: gcc -c -g -O2 -fvisibility=hidden  conftest.c >&5
configure:4089: $? = 0
configure:4106: result: yes
configure:4118: checking if gcc supports -g flag
configure:4133: gcc -c -g -O2 -fvisibility=hidden -g  conftest.c >&5
configure:4133: $? = 0
configure:4150: result: yes
configure:4162: checking if gcc supports -std=gnu89 flag
configure:4177: gcc -c -g -O2 -fvisibility=hidden -g -std=gnu89  conftest.c >&5
configure:4177: $? = 0
configure:4194: result: yes
configure:4206: checking if gcc supports -pedantic flag
configure:4221: gcc -c -g -O2 -fvisibility=hidden -g -std=gnu89 -pedantic  conftest.c >&5
configure:4221: $? = 0
configure:4238: result: yes
configure:4250: checking if gcc supports -Wall flag
configure:4265: gcc -c -g -O2 -fvisibility=hidden -g -std=gnu89 -pedantic -Wall  conftest.c >&5
configure:4265: $? = 0
configure:4282: result: yes
configure:4294: checking if gcc supports -Wextra flag
configure:4309: gcc -c -g -O2 -fvisibility=hidden -g -std=gnu89 -pedantic -Wall -Wextra  conftest.c >&5
configure:4309: $? = 0
configure:4326: result: yes
configure:4338: checking if gcc supports -Wno-unused-parameter flag
configure:4353: gcc -c -g -O2 -fvisibility=hidden -g -std=gnu89 -pedantic -Wall -Wextra -Wno-unused-parameter  conftest.c >&5
configure:4353: $? = 0
configure:4370: result: yes
configure:4429: checking for ar
configure:4445: found /usr/bin/ar
configure:4456: result: ar
configure:4482: checking the archiver (ar) interface
configure:4498: gcc -c -g -O2 -fvisibility=hidden -g -std=gnu89 -pedantic -Wall -Wextra -Wno-unused-parameter  conftest.c >&5
configure:4498: $? = 0
configure:4500: ar cru libconftest.a conftest.o >&5
configure:4503: $? = 0
configure:4531: result: ar
configure:4598: checking how to print strings
configure:4625: result: printf
configure:4646: checking for a sed that does not truncate output
configure:4710: result: /bin/sed
configure:4728: checking for grep that handles long lines and -e
configure:4786: result: /bin/grep
configure:4791: checking for egrep
configure:4853: result: /bin/grep -E
configure:4858: checking for fgrep
configure:4920: result: /bin/grep -F
configure:4955: checking for ld used by gcc
configure:5022: result: /usr/bin/ld
configure:5029: checking if the linker (/usr/bin/ld) is GNU ld
configure:5044: result: yes
configure:5056: checking for BSD- or MS-compatible name lister (nm)
configure:5105: result: /usr/bin/nm -B
configure:5235: checking the name lister (/usr/bin/nm -B) interface
configure:5242: gcc -c -g -O2 -fvisibility=hidden -g -std=gnu89 -pedantic -Wall -Wextra -Wno-unused-parameter  conftest.c >&5
configure:5245: /usr/bin/nm -B "conftest.o"
configure:5248: output
0000000000000000 B some_variable
configure:5255: result: BSD nm
configure:5258: checking whether ln -s works
configure:5262: result: yes
configure:5270: checking the maximum length of command line arguments
configure:5401: result: 1572864
configure:5418: checking whether the shell understands some XSI constructs
configure:5428: result: yes
configure:5432: checking whether the shell understands "+="
configure:5438: result: yes
configure:5473: checking how to convert x86_64-unknown-linux-gnu file names to x86_64-unknown-linux-gnu format
configure:5513: result: func_convert_file_noop
configure:5520: checking how to convert x86_64-unknown-linux-gnu file names to toolchain format
configure:5540: result: func_convert_file_noop
configure:5547: checking for /usr/bin/ld option to reload object files
configure:5554: result: -r
configure:5628: checking for objdump
configure:5644: found /usr/bin/objdump
configure:5655: result: objdump
configure:5687: checking how to recognize dependent libraries
configure:5885: result: pass_all
configure:5970: checking for dlltool
configure:6000: result: no
configure:6030: checking how to associate runtime and link libraries
configure:6057: result: printf %s\n
configure:6181: checking for archiver @FILE support
configure:6198: gcc -c -g -O2 -fvisibility=hidden -g -std=gnu89 -pedantic -Wall -Wextra -Wno-unused-parameter  conftest.c >&5
configure:6198: $? = 0
configure:6201: ar cru libconftest.a @conftest.lst >&5
configure:6204: $? = 0
configure:6209: ar cru libconftest.a @conftest.lst >&5
ar: conftest.o: No such file or directory
configure:6212: $? = 1
configure:6224: result: @
configure:6282: checking for strip
configure:6298: found /usr/bin/strip
configure:6309: result: strip
configure:6381: checking for ranlib
configure:6397: found /usr/bin/ranlib
configure:6408: result: ranlib
configure:6510: checking command to parse /usr/bin/nm -B output from gcc object
configure:6630: gcc -c -g -O2 -fvisibility=hidden -g -std=gnu89 -pedantic -Wall -Wextra -Wno-unused-parameter  conftest.c >&5
configure:6633: $? = 0
configure:6637: /usr/bin/nm -B conftest.o \| sed -n -e 's/^.*[ ]\([ABCDGIRSTW][ABCDGIRSTW]*\)[ ][ ]*\([_A-Za-z][_A-Za-z0-9]*\)$/\1 \2 \2/p' | sed '/ __gnu_lto/d' \> conftest.nm
configure:6640: $? = 0
configure:6706: gcc -o conftest -g -O2 -fvisibility=hidden -g -std=gnu89 -pedantic -Wall -Wextra -Wno-unused-parameter   conftest.c conftstm.o >&5
conftest.c:29:20: warning: ISO C forbids conversion of function pointer to object pointer type [-Wpedantic]
   {"nm_test_func", (void *) &nm_test_func},
                    ^
configure:6709: $? = 0
configure:6747: result: ok
configure:6784: checking for sysroot
configure:6814: result: no
configure:6891: gcc -c -g -O2 -fvisibility=hidden -g -std=gnu89 -pedantic -Wall -Wextra -Wno-unused-parameter  conftest.c >&5
configure:6894: $? = 0
configure:7083: checking for mt
configure:7099: found /bin/mt
configure:7110: result: mt
configure:7133: checking if mt is a manifest tool
configure:7139: mt '-?'
configure:7147: result: no
configure:7789: checking how to run the C preprocessor
configure:7820: gcc -E  conftest.c
configure:7820: $? = 0
configure:7834: gcc -E  conftest.c
conftest.c:11:28: fatal error: ac_nonexistent.h: No such file or directory
 #include <ac_nonexistent.h>
                            ^
compilation terminated.
configure:7834: $? = 1
configure: failed program was:
| /* confdefs.h */
| #define PACKAGE_NAME "libuv"
| #define PACKAGE_TARNAME "libuv"
| #define PACKAGE_VERSION "1.6.1"
| #define PACKAGE_STRING "libuv 1.6.1"
| #define PACKAGE_BUGREPORT "https://github.com/libuv/libuv/issues"
| #define PACKAGE_URL ""
| #define PACKAGE "libuv"
| #define VERSION "1.6.1"
| /* end confdefs.h.  */
| #include <ac_nonexistent.h>
configure:7859: result: gcc -E
configure:7879: gcc -E  conftest.c
configure:7879: $? = 0
configure:7893: gcc -E  conftest.c
conftest.c:11:28: fatal error: ac_nonexistent.h: No such file or directory
 #include <ac_nonexistent.h>
                            ^
compilation terminated.
configure:7893: $? = 1
configure: failed program was:
| /* confdefs.h */
| #define PACKAGE_NAME "libuv"
| #define PACKAGE_TARNAME "libuv"
| #define PACKAGE_VERSION "1.6.1"
| #define PACKAGE_STRING "libuv 1.6.1"
| #define PACKAGE_BUGREPORT "https://github.com/libuv/libuv/issues"
| #define PACKAGE_URL ""
| #define PACKAGE "libuv"
| #define VERSION "1.6.1"
| /* end confdefs.h.  */
| #include <ac_nonexistent.h>
configure:7922: checking for ANSI C header files
configure:7942: gcc -c -g -O2 -fvisibility=hidden -g -std=gnu89 -pedantic -Wall -Wextra -Wno-unused-parameter  conftest.c >&5
configure:7942: $? = 0
configure:8015: gcc -o conftest -g -O2 -fvisibility=hidden -g -std=gnu89 -pedantic -Wall -Wextra -Wno-unused-parameter   conftest.c  >&5
configure:8015: $? = 0
configure:8015: ./conftest
configure:8015: $? = 0
configure:8026: result: yes
configure:8039: checking for sys/types.h
configure:8039: gcc -c -g -O2 -fvisibility=hidden -g -std=gnu89 -pedantic -Wall -Wextra -Wno-unused-parameter  conftest.c >&5
configure:8039: $? = 0
configure:8039: result: yes
configure:8039: checking for sys/stat.h
configure:8039: gcc -c -g -O2 -fvisibility=hidden -g -std=gnu89 -pedantic -Wall -Wextra -Wno-unused-parameter  conftest.c >&5
configure:8039: $? = 0
configure:8039: result: yes
configure:8039: checking for stdlib.h
configure:8039: gcc -c -g -O2 -fvisibility=hidden -g -std=gnu89 -pedantic -Wall -Wextra -Wno-unused-parameter  conftest.c >&5
configure:8039: $? = 0
configure:8039: result: yes
configure:8039: checking for string.h
configure:8039: gcc -c -g -O2 -fvisibility=hidden -g -std=gnu89 -pedantic -Wall -Wextra -Wno-unused-parameter  conftest.c >&5
configure:8039: $? = 0
configure:8039: result: yes
configure:8039: checking for memory.h
configure:8039: gcc -c -g -O2 -fvisibility=hidden -g -std=gnu89 -pedantic -Wall -Wextra -Wno-unused-parameter  conftest.c >&5
configure:8039: $? = 0
configure:8039: result: yes
configure:8039: checking for strings.h
configure:8039: gcc -c -g -O2 -fvisibility=hidden -g -std=gnu89 -pedantic -Wall -Wextra -Wno-unused-parameter  conftest.c >&5
configure:8039: $? = 0
configure:8039: result: yes
configure:8039: checking for inttypes.h
configure:8039: gcc -c -g -O2 -fvisibility=hidden -g -std=gnu89 -pedantic -Wall -Wextra -Wno-unused-parameter  conftest.c >&5
configure:8039: $? = 0
configure:8039: result: yes
configure:8039: checking for stdint.h
configure:8039: gcc -c -g -O2 -fvisibility=hidden -g -std=gnu89 -pedantic -Wall -Wextra -Wno-unused-parameter  conftest.c >&5
configure:8039: $? = 0
configure:8039: result: yes
configure:8039: checking for unistd.h
configure:8039: gcc -c -g -O2 -fvisibility=hidden -g -std=gnu89 -pedantic -Wall -Wextra -Wno-unused-parameter  conftest.c >&5
configure:8039: $? = 0
configure:8039: result: yes
configure:8053: checking for dlfcn.h
configure:8053: gcc -c -g -O2 -fvisibility=hidden -g -std=gnu89 -pedantic -Wall -Wextra -Wno-unused-parameter  conftest.c >&5
configure:8053: $? = 0
configure:8053: result: yes
configure:8199: checking for objdir
configure:8214: result: .libs
configure:8485: checking if gcc supports -fno-rtti -fno-exceptions
configure:8503: gcc -c -g -O2 -fvisibility=hidden -g -std=gnu89 -pedantic -Wall -Wextra -Wno-unused-parameter  -fno-rtti -fno-exceptions conftest.c >&5
cc1: warning: command line option '-fno-rtti' is valid for C++/ObjC++ but not for C [enabled by default]
configure:8507: $? = 0
configure:8520: result: no
configure:8847: checking for gcc option to produce PIC
configure:8854: result: -fPIC -DPIC
configure:8862: checking if gcc PIC flag -fPIC -DPIC works
configure:8880: gcc -c -g -O2 -fvisibility=hidden -g -std=gnu89 -pedantic -Wall -Wextra -Wno-unused-parameter  -fPIC -DPIC -DPIC conftest.c >&5
configure:8884: $? = 0
configure:8897: result: yes
configure:8926: checking if gcc static flag -static works
configure:8954: result: yes
configure:8969: checking if gcc supports -c -o file.o
configure:8990: gcc -c -g -O2 -fvisibility=hidden -g -std=gnu89 -pedantic -Wall -Wextra -Wno-unused-parameter  -o out/conftest2.o conftest.c >&5
configure:8994: $? = 0
configure:9016: result: yes
configure:9024: checking if gcc supports -c -o file.o
configure:9071: result: yes
configure:9104: checking whether the gcc linker (/usr/bin/ld -m elf_x86_64) supports shared libraries
configure:10261: result: yes
configure:10298: checking whether -lc should be explicitly linked in
configure:10306: gcc -c -g -O2 -fvisibility=hidden -g -std=gnu89 -pedantic -Wall -Wextra -Wno-unused-parameter  conftest.c >&5
configure:10309: $? = 0
configure:10324: gcc -shared  -fPIC -DPIC conftest.o  -v -Wl,-soname -Wl,conftest -o conftest 2\>\&1 \| /bin/grep  -lc  \>/dev/null 2\>\&1
configure:10327: $? = 0
configure:10341: result: no
configure:10501: checking dynamic linker characteristics
configure:11001: gcc -o conftest -g -O2 -fvisibility=hidden -g -std=gnu89 -pedantic -Wall -Wextra -Wno-unused-parameter   -Wl,-rpath -Wl,/foo conftest.c  >&5
configure:11001: $? = 0
configure:11235: result: GNU/Linux ld.so
configure:11342: checking how to hardcode library paths into programs
configure:11367: result: immediate
configure:11907: checking whether stripping libraries is possible
configure:11912: result: yes
configure:11947: checking if libtool supports shared libraries
configure:11949: result: yes
configure:11952: checking whether to build shared libraries
configure:11973: result: yes
configure:11976: checking whether to build static libraries
configure:11980: result: yes
configure:12028: checking whether make supports nested variables
configure:12045: result: yes
configure:12058: checking for dlopen in -ldl
configure:12083: gcc -o conftest -g -O2 -fvisibility=hidden -g -std=gnu89 -pedantic -Wall -Wextra -Wno-unused-parameter   conftest.c -ldl   >&5
configure:12083: $? = 0
configure:12092: result: yes
configure:12103: checking for kstat_lookup in -lkstat
configure:12128: gcc -o conftest -g -O2 -fvisibility=hidden -g -std=gnu89 -pedantic -Wall -Wextra -Wno-unused-parameter   conftest.c -lkstat  -ldl  >&5
/usr/bin/ld: cannot find -lkstat
collect2: error: ld returned 1 exit status
configure:12128: $? = 1
configure: failed program was:
| /* confdefs.h */
| #define PACKAGE_NAME "libuv"
| #define PACKAGE_TARNAME "libuv"
| #define PACKAGE_VERSION "1.6.1"
| #define PACKAGE_STRING "libuv 1.6.1"
| #define PACKAGE_BUGREPORT "https://github.com/libuv/libuv/issues"
| #define PACKAGE_URL ""
| #define PACKAGE "libuv"
| #define VERSION "1.6.1"
| #define STDC_HEADERS 1
| #define HAVE_SYS_TYPES_H 1
| #define HAVE_SYS_STAT_H 1
| #define HAVE_STDLIB_H 1
| #define HAVE_STRING_H 1
| #define HAVE_MEMORY_H 1
| #define HAVE_STRINGS_H 1
| #define HAVE_INTTYPES_H 1
| #define HAVE_STDINT_H 1
| #define HAVE_UNISTD_H 1
| #define HAVE_DLFCN_H 1
| #define LT_OBJDIR ".libs/"
| #define HAVE_LIBDL 1
| /* end confdefs.h.  */
| 
| /* Override any GCC internal prototype to avoid an error.
|    Use char because int might match the return type of a GCC
|    builtin and then its argument prototype would still apply.  */
| #ifdef __cplusplus
| extern "C"
| #endif
| char kstat_lookup ();
| int
| main ()
| {
| return kstat_lookup ();
|   ;
|   return 0;
| }
configure:12137: result: no
configure:12148: checking for kvm_open in -lkvm
configure:12173: gcc -o conftest -g -O2 -fvisibility=hidden -g -std=gnu89 -pedantic -Wall -Wextra -Wno-unused-parameter   conftest.c -lkvm  -ldl  >&5
/usr/bin/ld: cannot find -lkvm
collect2: error: ld returned 1 exit status
configure:12173: $? = 1
configure: failed program was:
| /* confdefs.h */
| #define PACKAGE_NAME "libuv"
| #define PACKAGE_TARNAME "libuv"
| #define PACKAGE_VERSION "1.6.1"
| #define PACKAGE_STRING "libuv 1.6.1"
| #define PACKAGE_BUGREPORT "https://github.com/libuv/libuv/issues"
| #define PACKAGE_URL ""
| #define PACKAGE "libuv"
| #define VERSION "1.6.1"
| #define STDC_HEADERS 1
| #define HAVE_SYS_TYPES_H 1
| #define HAVE_SYS_STAT_H 1
| #define HAVE_STDLIB_H 1
| #define HAVE_STRING_H 1
| #define HAVE_MEMORY_H 1
| #define HAVE_STRINGS_H 1
| #define HAVE_INTTYPES_H 1
| #define HAVE_STDINT_H 1
| #define HAVE_UNISTD_H 1
| #define HAVE_DLFCN_H 1
| #define LT_OBJDIR ".libs/"
| #define HAVE_LIBDL 1
| /* end confdefs.h.  */
| 
| /* Override any GCC internal prototype to avoid an error.
|    Use char because int might match the return type of a GCC
|    builtin and then its argument prototype would still apply.  */
| #ifdef __cplusplus
| extern "C"
| #endif
| char kvm_open ();
| int
| main ()
| {
| return kvm_open ();
|   ;
|   return 0;
| }
configure:12182: result: no
configure:12193: checking for gethostbyname in -lnsl
configure:12218: gcc -o conftest -g -O2 -fvisibility=hidden -g -std=gnu89 -pedantic -Wall -Wextra -Wno-unused-parameter   conftest.c -lnsl  -ldl  >&5
configure:12218: $? = 0
configure:12227: result: yes
configure:12238: checking for perfstat_cpu in -lperfstat
configure:12263: gcc -o conftest -g -O2 -fvisibility=hidden -g -std=gnu89 -pedantic -Wall -Wextra -Wno-unused-parameter   conftest.c -lperfstat  -lnsl -ldl  >&5
/usr/bin/ld: cannot find -lperfstat
collect2: error: ld returned 1 exit status
configure:12263: $? = 1
configure: failed program was:
| /* confdefs.h */
| #define PACKAGE_NAME "libuv"
| #define PACKAGE_TARNAME "libuv"
| #define PACKAGE_VERSION "1.6.1"
| #define PACKAGE_STRING "libuv 1.6.1"
| #define PACKAGE_BUGREPORT "https://github.com/libuv/libuv/issues"
| #define PACKAGE_URL ""
| #define PACKAGE "libuv"
| #define VERSION "1.6.1"
| #define STDC_HEADERS 1
| #define HAVE_SYS_TYPES_H 1
| #define HAVE_SYS_STAT_H 1
| #define HAVE_STDLIB_H 1
| #define HAVE_STRING_H 1
| #define HAVE_MEMORY_H 1
| #define HAVE_STRINGS_H 1
| #define HAVE_INTTYPES_H 1
| #define HAVE_STDINT_H 1
| #define HAVE_UNISTD_H 1
| #define HAVE_DLFCN_H 1
| #define LT_OBJDIR ".libs/"
| #define HAVE_LIBDL 1
| #define HAVE_LIBNSL 1
| /* end confdefs.h.  */
| 
| /* Override any GCC internal prototype to avoid an error.
|    Use char because int might match the return type of a GCC
|    builtin and then its argument prototype would still apply.  */
| #ifdef __cplusplus
| extern "C"
| #endif
| char perfstat_cpu ();
| int
| main ()
| {
| return perfstat_cpu ();
|   ;
|   return 0;
| }
configure:12272: result: no
configure:12283: checking for pthread_mutex_init in -lpthread
configure:12308: gcc -o conftest -g -O2 -fvisibility=hidden -g -std=gnu89 -pedantic -Wall -Wextra -Wno-unused-parameter   conftest.c -lpthread  -lnsl -ldl  >&5
configure:12308: $? = 0
configure:12317: result: yes
configure:12328: checking for clock_gettime in -lrt
configure:12353: gcc -o conftest -g -O2 -fvisibility=hidden -g -std=gnu89 -pedantic -Wall -Wextra -Wno-unused-parameter   conftest.c -lrt  -lpthread -lnsl -ldl  >&5
configure:12353: $? = 0
configure:12362: result: yes
configure:12373: checking for sendfile in -lsendfile
configure:12398: gcc -o conftest -g -O2 -fvisibility=hidden -g -std=gnu89 -pedantic -Wall -Wextra -Wno-unused-parameter   conftest.c -lsendfile  -lrt -lpthread -lnsl -ldl  >&5
/usr/bin/ld: cannot find -lsendfile
collect2: error: ld returned 1 exit status
configure:12398: $? = 1
configure: failed program was:
| /* confdefs.h */
| #define PACKAGE_NAME "libuv"
| #define PACKAGE_TARNAME "libuv"
| #define PACKAGE_VERSION "1.6.1"
| #define PACKAGE_STRING "libuv 1.6.1"
| #define PACKAGE_BUGREPORT "https://github.com/libuv/libuv/issues"
| #define PACKAGE_URL ""
| #define PACKAGE "libuv"
| #define VERSION "1.6.1"
| #define STDC_HEADERS 1
| #define HAVE_SYS_TYPES_H 1
| #define HAVE_SYS_STAT_H 1
| #define HAVE_STDLIB_H 1
| #define HAVE_STRING_H 1
| #define HAVE_MEMORY_H 1
| #define HAVE_STRINGS_H 1
| #define HAVE_INTTYPES_H 1
| #define HAVE_STDINT_H 1
| #define HAVE_UNISTD_H 1
| #define HAVE_DLFCN_H 1
| #define LT_OBJDIR ".libs/"
| #define HAVE_LIBDL 1
| #define HAVE_LIBNSL 1
| #define HAVE_LIBPTHREAD 1
| #define HAVE_LIBRT 1
| /* end confdefs.h.  */
| 
| /* Override any GCC internal prototype to avoid an error.
|    Use char because int might match the return type of a GCC
|    builtin and then its argument prototype would still apply.  */
| #ifdef __cplusplus
| extern "C"
| #endif
| char sendfile ();
| int
| main ()
| {
| return sendfile ();
|   ;
|   return 0;
| }
configure:12407: result: no
configure:12418: checking for socket in -lsocket
configure:12443: gcc -o conftest -g -O2 -fvisibility=hidden -g -std=gnu89 -pedantic -Wall -Wextra -Wno-unused-parameter   conftest.c -lsocket  -lrt -lpthread -lnsl -ldl  >&5
/usr/bin/ld: cannot find -lsocket
collect2: error: ld returned 1 exit status
configure:12443: $? = 1
configure: failed program was:
| /* confdefs.h */
| #define PACKAGE_NAME "libuv"
| #define PACKAGE_TARNAME "libuv"
| #define PACKAGE_VERSION "1.6.1"
| #define PACKAGE_STRING "libuv 1.6.1"
| #define PACKAGE_BUGREPORT "https://github.com/libuv/libuv/issues"
| #define PACKAGE_URL ""
| #define PACKAGE "libuv"
| #define VERSION "1.6.1"
| #define STDC_HEADERS 1
| #define HAVE_SYS_TYPES_H 1
| #define HAVE_SYS_STAT_H 1
| #define HAVE_STDLIB_H 1
| #define HAVE_STRING_H 1
| #define HAVE_MEMORY_H 1
| #define HAVE_STRINGS_H 1
| #define HAVE_INTTYPES_H 1
| #define HAVE_STDINT_H 1
| #define HAVE_UNISTD_H 1
| #define HAVE_DLFCN_H 1
| #define LT_OBJDIR ".libs/"
| #define HAVE_LIBDL 1
| #define HAVE_LIBNSL 1
| #define HAVE_LIBPTHREAD 1
| #define HAVE_LIBRT 1
| /* end confdefs.h.  */
| 
| /* Override any GCC internal prototype to avoid an error.
|    Use char because int might match the return type of a GCC
|    builtin and then its argument prototype would still apply.  */
| #ifdef __cplusplus
| extern "C"
| #endif
| char socket ();
| int
| main ()
| {
| return socket ();
|   ;
|   return 0;
| }
configure:12452: result: no
configure:12470: checking for special C compiler options needed for large files
configure:12515: result: no
configure:12521: checking for _FILE_OFFSET_BITS value needed for large files
configure:12546: gcc -c -g -O2 -fvisibility=hidden -g -std=gnu89 -pedantic -Wall -Wextra -Wno-unused-parameter  conftest.c >&5
configure:12546: $? = 0
configure:12578: result: no
configure:12775: checking sys/ahafs_evProds.h usability
configure:12775: gcc -c -g -O2 -fvisibility=hidden -g -std=gnu89 -pedantic -Wall -Wextra -Wno-unused-parameter  conftest.c >&5
conftest.c:60:31: fatal error: sys/ahafs_evProds.h: No such file or directory
 #include <sys/ahafs_evProds.h>
                               ^
compilation terminated.
configure:12775: $? = 1
configure: failed program was:
| /* confdefs.h */
| #define PACKAGE_NAME "libuv"
| #define PACKAGE_TARNAME "libuv"
| #define PACKAGE_VERSION "1.6.1"
| #define PACKAGE_STRING "libuv 1.6.1"
| #define PACKAGE_BUGREPORT "https://github.com/libuv/libuv/issues"
| #define PACKAGE_URL ""
| #define PACKAGE "libuv"
| #define VERSION "1.6.1"
| #define STDC_HEADERS 1
| #define HAVE_SYS_TYPES_H 1
| #define HAVE_SYS_STAT_H 1
| #define HAVE_STDLIB_H 1
| #define HAVE_STRING_H 1
| #define HAVE_MEMORY_H 1
| #define HAVE_STRINGS_H 1
| #define HAVE_INTTYPES_H 1
| #define HAVE_STDINT_H 1
| #define HAVE_UNISTD_H 1
| #define HAVE_DLFCN_H 1
| #define LT_OBJDIR ".libs/"
| #define HAVE_LIBDL 1
| #define HAVE_LIBNSL 1
| #define HAVE_LIBPTHREAD 1
| #define HAVE_LIBRT 1
| /* end confdefs.h.  */
| #include <stdio.h>
| #ifdef HAVE_SYS_TYPES_H
| # include <sys/types.h>
| #endif
| #ifdef HAVE_SYS_STAT_H
| # include <sys/stat.h>
| #endif
| #ifdef STDC_HEADERS
| # include <stdlib.h>
| # include <stddef.h>
| #else
| # ifdef HAVE_STDLIB_H
| #  include <stdlib.h>
| # endif
| #endif
| #ifdef HAVE_STRING_H
| # if !defined STDC_HEADERS && defined HAVE_MEMORY_H
| #  include <memory.h>
| # endif
| # include <string.h>
| #endif
| #ifdef HAVE_STRINGS_H
| # include <strings.h>
| #endif
| #ifdef HAVE_INTTYPES_H
| # include <inttypes.h>
| #endif
| #ifdef HAVE_STDINT_H
| # include <stdint.h>
| #endif
| #ifdef HAVE_UNISTD_H
| # include <unistd.h>
| #endif
| #include <sys/ahafs_evProds.h>
configure:12775: result: no
configure:12775: checking sys/ahafs_evProds.h presence
configure:12775: gcc -E  conftest.c
conftest.c:27:31: fatal error: sys/ahafs_evProds.h: No such file or directory
 #include <sys/ahafs_evProds.h>
                               ^
compilation terminated.
configure:12775: $? = 1
configure: failed program was:
| /* confdefs.h */
| #define PACKAGE_NAME "libuv"
| #define PACKAGE_TARNAME "libuv"
| #define PACKAGE_VERSION "1.6.1"
| #define PACKAGE_STRING "libuv 1.6.1"
| #define PACKAGE_BUGREPORT "https://github.com/libuv/libuv/issues"
| #define PACKAGE_URL ""
| #define PACKAGE "libuv"
| #define VERSION "1.6.1"
| #define STDC_HEADERS 1
| #define HAVE_SYS_TYPES_H 1
| #define HAVE_SYS_STAT_H 1
| #define HAVE_STDLIB_H 1
| #define HAVE_STRING_H 1
| #define HAVE_MEMORY_H 1
| #define HAVE_STRINGS_H 1
| #define HAVE_INTTYPES_H 1
| #define HAVE_STDINT_H 1
| #define HAVE_UNISTD_H 1
| #define HAVE_DLFCN_H 1
| #define LT_OBJDIR ".libs/"
| #define HAVE_LIBDL 1
| #define HAVE_LIBNSL 1
| #define HAVE_LIBPTHREAD 1
| #define HAVE_LIBRT 1
| /* end confdefs.h.  */
| #include <sys/ahafs_evProds.h>
configure:12775: result: no
configure:12775: checking for sys/ahafs_evProds.h
configure:12775: result: no
configure:12787: checking for pkg-config
configure:12817: result: no
configure:12983: checking that generated files are newer than configure
configure:12989: result: done
configure:13056: creating ./config.status

## ---------------------- ##
## Running config.status. ##
## ---------------------- ##

This file was extended by libuv config.status 1.6.1, which was
generated by GNU Autoconf 2.69.  Invocation command line was

  CONFIG_FILES    = 
  CONFIG_HEADERS  = 
  CONFIG_LINKS    = 
  CONFIG_COMMANDS = 
  $ ./config.status 

on gnat

config.status:1024: creating Makefile
config.status:1196: executing depfiles commands
config.status:1196: executing libtool commands

## ---------------- ##
## Cache variables. ##
## ---------------- ##

ac_cv_build=x86_64-unknown-linux-gnu
ac_cv_c_compiler_gnu=yes
ac_cv_env_CC_set=
ac_cv_env_CC_value=
ac_cv_env_CFLAGS_set=
ac_cv_env_CFLAGS_value=
ac_cv_env_CPPFLAGS_set=
ac_cv_env_CPPFLAGS_value=
ac_cv_env_CPP_set=
ac_cv_env_CPP_value=
ac_cv_env_LDFLAGS_set=
ac_cv_env_LDFLAGS_value=
ac_cv_env_LIBS_set=
ac_cv_env_LIBS_value=
ac_cv_env_build_alias_set=
ac_cv_env_build_alias_value=
ac_cv_env_host_alias_set=
ac_cv_env_host_alias_value=
ac_cv_env_target_alias_set=
ac_cv_env_target_alias_value=
ac_cv_header_dlfcn_h=yes
ac_cv_header_inttypes_h=yes
ac_cv_header_memory_h=yes
ac_cv_header_stdc=yes
ac_cv_header_stdint_h=yes
ac_cv_header_stdlib_h=yes
ac_cv_header_string_h=yes
ac_cv_header_strings_h=yes
ac_cv_header_sys_ahafs_evProds_h=no
ac_cv_header_sys_stat_h=yes
ac_cv_header_sys_types_h=yes
ac_cv_header_unistd_h=yes
ac_cv_host=x86_64-unknown-linux-gnu
ac_cv_lib_dl_dlopen=yes
ac_cv_lib_kstat_kstat_lookup=no
ac_cv_lib_kvm_kvm_open=no
ac_cv_lib_nsl_gethostbyname=yes
ac_cv_lib_perfstat_perfstat_cpu=no
ac_cv_lib_pthread_pthread_mutex_init=yes
ac_cv_lib_rt_clock_gettime=yes
ac_cv_lib_sendfile_sendfile=no
ac_cv_lib_socket_socket=no
ac_cv_objext=o
ac_cv_path_EGREP='/bin/grep -E'
ac_cv_path_FGREP='/bin/grep -F'
ac_cv_path_GREP=/bin/grep
ac_cv_path_SED=/bin/sed
ac_cv_path_install='/usr/bin/install -c'
ac_cv_path_mkdir=/bin/mkdir
ac_cv_prog_AWK=mawk
ac_cv_prog_CPP='gcc -E'
ac_cv_prog_ac_ct_AR=ar
ac_cv_prog_ac_ct_CC=gcc
ac_cv_prog_ac_ct_MANIFEST_TOOL=mt
ac_cv_prog_ac_ct_OBJDUMP=objdump
ac_cv_prog_ac_ct_RANLIB=ranlib
ac_cv_prog_ac_ct_STRIP=strip
ac_cv_prog_cc_c89=
ac_cv_prog_cc_g=yes
ac_cv_prog_make_make_set=yes
ac_cv_sys_file_offset_bits=no
ac_cv_sys_largefile_CC=no
am_cv_CC_dependencies_compiler_type=gcc3
am_cv_ar_interface=ar
am_cv_make_support_nested_variables=yes
am_cv_prog_cc_c_o=yes
cc_cv_cflags__Wall=yes
cc_cv_cflags__Wextra=yes
cc_cv_cflags__Wno_unused_parameter=yes
cc_cv_cflags__fvisibility_hidden=yes
cc_cv_cflags__g=yes
cc_cv_cflags__pedantic=yes
cc_cv_cflags__std_gnu89=yes
lt_cv_ar_at_file=@
lt_cv_archive_cmds_need_lc=no
lt_cv_deplibs_check_method=pass_all
lt_cv_file_magic_cmd='$MAGIC_CMD'
lt_cv_file_magic_test_file=
lt_cv_ld_reload_flag=-r
lt_cv_nm_interface='BSD nm'
lt_cv_objdir=.libs
lt_cv_path_LD=/usr/bin/ld
lt_cv_path_NM='/usr/bin/nm -B'
lt_cv_path_mainfest_tool=no
lt_cv_prog_compiler_c_o=yes
lt_cv_prog_compiler_pic='-fPIC -DPIC'
lt_cv_prog_compiler_pic_works=yes
lt_cv_prog_compiler_rtti_exceptions=no
lt_cv_prog_compiler_static_works=yes
lt_cv_prog_gnu_ld=yes
lt_cv_sharedlib_from_linklib_cmd='printf %s\n'
lt_cv_shlibpath_overrides_runpath=no
lt_cv_sys_global_symbol_pipe='sed -n -e '\''s/^.*[	 ]\([ABCDGIRSTW][ABCDGIRSTW]*\)[	 ][	 ]*\([_A-Za-z][_A-Za-z0-9]*\)$/\1 \2 \2/p'\'' | sed '\''/ __gnu_lto/d'\'''
lt_cv_sys_global_symbol_to_c_name_address='sed -n -e '\''s/^: \([^ ]*\)[ ]*$/  {\"\1\", (void *) 0},/p'\'' -e '\''s/^[ABCDGIRSTW]* \([^ ]*\) \([^ ]*\)$/  {"\2", (void *) \&\2},/p'\'''
lt_cv_sys_global_symbol_to_c_name_address_lib_prefix='sed -n -e '\''s/^: \([^ ]*\)[ ]*$/  {\"\1\", (void *) 0},/p'\'' -e '\''s/^[ABCDGIRSTW]* \([^ ]*\) \(lib[^ ]*\)$/  {"\2", (void *) \&\2},/p'\'' -e '\''s/^[ABCDGIRSTW]* \([^ ]*\) \([^ ]*\)$/  {"lib\2", (void *) \&\2},/p'\'''
lt_cv_sys_global_symbol_to_cdecl='sed -n -e '\''s/^T .* \(.*\)$/extern int \1();/p'\'' -e '\''s/^[ABCDGIRSTW]* .* \(.*\)$/extern char \1;/p'\'''
lt_cv_sys_max_cmd_len=1572864
lt_cv_to_host_file_cmd=func_convert_file_noop
lt_cv_to_tool_file_cmd=func_convert_file_noop

## ----------------- ##
## Output variables. ##
## ----------------- ##

ACLOCAL='${SHELL} /home/jburnes/dev/build/node9/libuv/missing aclocal-1.14'
AIX_FALSE=''
AIX_TRUE='#'
AMDEPBACKSLASH='\'
AMDEP_FALSE='#'
AMDEP_TRUE=''
AMTAR='$${TAR-tar}'
AM_BACKSLASH='\'
AM_DEFAULT_V='$(AM_DEFAULT_VERBOSITY)'
AM_DEFAULT_VERBOSITY='0'
AM_V='$(V)'
ANDROID_FALSE=''
ANDROID_TRUE='#'
AR='ar'
AUTOCONF='${SHELL} /home/jburnes/dev/build/node9/libuv/missing autoconf'
AUTOHEADER='${SHELL} /home/jburnes/dev/build/node9/libuv/missing autoheader'
AUTOMAKE='${SHELL} /home/jburnes/dev/build/node9/libuv/missing automake-1.14'
AWK='mawk'
CC='gcc'
CCDEPMODE='depmode=gcc3'
CFLAGS='-g -O2 -fvisibility=hidden -g -std=gnu89 -pedantic -Wall -Wextra -Wno-unused-parameter'
CPP='gcc -E'
CPPFLAGS=''
CYGPATH_W='echo'
DARWIN_FALSE=''
DARWIN_TRUE='#'
DEFS='-DPACKAGE_NAME=\"libuv\" -DPACKAGE_TARNAME=\"libuv\" -DPACKAGE_VERSION=\"1.6.1\" -DPACKAGE_STRING=\"libuv\ 1.6.1\" -DPACKAGE_BUGREPORT=\"https://github.com/libuv/libuv/issues\" -DPACKAGE_URL=\"\" -DPACKAGE=\"libuv\" -DVERSION=\"1.6.1\" -DSTDC_HEADERS=1 -DHAVE_SYS_TYPES_H=1 -DHAVE_SYS_STAT_H=1 -DHAVE_STDLIB_H=1 -DHAVE_STRING_H=1 -DHAVE_MEMORY_H=1 -DHAVE_STRINGS_H=1 -DHAVE_INTTYPES_H=1 -DHAVE_STDINT_H=1 -DHAVE_UNISTD_H=1 -DHAVE_DLFCN_H=1 -DLT_OBJDIR=\".libs/\" -DHAVE_LIBDL=1 -DHAVE_LIBNSL=1 -DHAVE_LIBPTHREAD=1 -DHAVE_LIBRT=1'
DEPDIR='.deps'
DLLTOOL='false'
DRAGONFLY_FALSE=''
DRAGONFLY_TRUE='#'
DSYMUTIL=''
DUMPBIN=''
ECHO_C=''
ECHO_N='-n'
ECHO_T=''
EGREP='/bin/grep -E'
EXEEXT=''
FGREP='/bin/grep -F'
FREEBSD_FALSE=''
FREEBSD_TRUE='#'
GREP='/bin/grep'
HAVE_PKG_CONFIG_FALSE=''
HAVE_PKG_CONFIG_TRUE='#'
INSTALL_DATA='${INSTALL} -m 644'
INSTALL_PROGRAM='${INSTALL}'
INSTALL_SCRIPT='${INSTALL}'
INSTALL_STRIP_PROGRAM='$(install_sh) -c -s'
LD='/usr/bin/ld -m elf_x86_64'
LDFLAGS=''
LIBOBJS=''
LIBS='-lrt -lpthread -lnsl -ldl '
LIBTOOL='$(SHELL) $(top_builddir)/libtool'
LINUX_FALSE='#'
LINUX_TRUE=''
LIPO=''
LN_S='ln -s'
LTLIBOBJS=''
MAKEINFO='${SHELL} /home/jburnes/dev/build/node9/libuv/missing makeinfo'
MANIFEST_TOOL=':'
MKDIR_P='/bin/mkdir -p'
NETBSD_FALSE=''
NETBSD_TRUE='#'
NM='/usr/bin/nm -B'
NMEDIT=''
OBJDUMP='objdump'
OBJEXT='o'
OPENBSD_FALSE=''
OPENBSD_TRUE='#'
OTOOL64=''
OTOOL=''
PACKAGE='libuv'
PACKAGE_BUGREPORT='https://github.com/libuv/libuv/issues'
PACKAGE_NAME='libuv'
PACKAGE_STRING='libuv 1.6.1'
PACKAGE_TARNAME='libuv'
PACKAGE_URL=''
PACKAGE_VERSION='1.6.1'
PATH_SEPARATOR=':'
PKG_CONFIG=''
RANLIB='ranlib'
SED='/bin/sed'
SET_MAKE=''
SHELL='/bin/bash'
STRIP='strip'
SUNOS_FALSE=''
SUNOS_TRUE='#'
VERSION='1.6.1'
WINNT_FALSE=''
WINNT_TRUE='#'
ac_ct_AR='ar'
ac_ct_CC='gcc'
ac_ct_DUMPBIN=''
am__EXEEXT_FALSE=''
am__EXEEXT_TRUE='#'
am__fastdepCC_FALSE='#'
am__fastdepCC_TRUE=''
am__include='include'
am__isrc=''
am__leading_dot='.'
am__nodep='_no'
am__quote=''
am__tar='$${TAR-tar} chof - "$$tardir"'
am__untar='$${TAR-tar} xf -'
bindir='${exec_prefix}/bin'
build='x86_64-unknown-linux-gnu'
build_alias=''
build_cpu='x86_64'
build_os='linux-gnu'
build_vendor='unknown'
datadir='${datarootdir}'
datarootdir='${prefix}/share'
docdir='${datarootdir}/doc/${PACKAGE_TARNAME}'
dvidir='${docdir}'
exec_prefix='${prefix}'
host='x86_64-unknown-linux-gnu'
host_alias=''
host_cpu='x86_64'
host_os='linux-gnu'
host_vendor='unknown'
htmldir='${docdir}'
includedir='${prefix}/include'
infodir='${datarootdir}/info'
install_sh='${SHELL} /home/jburnes/dev/build/node9/libuv/install-sh'
libdir='${exec_prefix}/lib'
libexecdir='${exec_prefix}/libexec'
localedir='${datarootdir}/locale'
localstatedir='${prefix}/var'
mandir='${datarootdir}/man'
mkdir_p='$(MKDIR_P)'
oldincludedir='/usr/include'
pdfdir='${docdir}'
prefix='/usr/local'
program_transform_name='s,x,x,'
psdir='${docdir}'
sbindir='${exec_prefix}/sbin'
sharedstatedir='${prefix}/com'
sysconfdir='${prefix}/etc'
target_alias=''

## ----------- ##
## confdefs.h. ##
## ----------- ##

/* confdefs.h */
#define PACKAGE_NAME "libuv"
#define PACKAGE_TARNAME "libuv"
#define PACKAGE_VERSION "1.6.1"
#define PACKAGE_STRING "libuv 1.6.1"
#define PACKAGE_BUGREPORT "https://github.com/libuv/libuv/issues"
#define PACKAGE_URL ""
#define PACKAGE "libuv"
#define VERSION "1.6.1"
#define STDC_HEADERS 1
#define HAVE_SYS_TYPES_H 1
#define HAVE_SYS_STAT_H 1
#define HAVE_STDLIB_H 1
#define HAVE_STRING_H 1
#define HAVE_MEMORY_H 1
#define HAVE_STRINGS_H 1
#define HAVE_INTTYPES_H 1
#define HAVE_STDINT_H 1
#define HAVE_UNISTD_H 1
#define HAVE_DLFCN_H 1
#define LT_OBJDIR ".libs/"
#define HAVE_LIBDL 1
#define HAVE_LIBNSL 1
#define HAVE_LIBPTHREAD 1
#define HAVE_LIBRT 1

configure: exit 0
